mode: set
github.com/juanimeli/backpack-bcgow6-juan-guglielmone/goTesting/goWebTesting/internal/transactions/stub_mock_store.go:16.48,22.2 3 1
github.com/juanimeli/backpack-bcgow6-juan-guglielmone/goTesting/goWebTesting/internal/transactions/stub_mock_store.go:24.49,26.2 1 0
github.com/juanimeli/backpack-bcgow6-juan-guglielmone/goTesting/goWebTesting/internal/transactions/stub_mock_store.go:39.47,40.24 1 1
github.com/juanimeli/backpack-bcgow6-juan-guglielmone/goTesting/goWebTesting/internal/transactions/stub_mock_store.go:44.2,47.12 4 1
github.com/juanimeli/backpack-bcgow6-juan-guglielmone/goTesting/goWebTesting/internal/transactions/stub_mock_store.go:40.24,42.3 1 1
github.com/juanimeli/backpack-bcgow6-juan-guglielmone/goTesting/goWebTesting/internal/transactions/stub_mock_store.go:53.48,54.25 1 1
github.com/juanimeli/backpack-bcgow6-juan-guglielmone/goTesting/goWebTesting/internal/transactions/stub_mock_store.go:57.2,59.12 3 1
github.com/juanimeli/backpack-bcgow6-juan-guglielmone/goTesting/goWebTesting/internal/transactions/stub_mock_store.go:54.25,56.3 1 1
github.com/juanimeli/backpack-bcgow6-juan-guglielmone/goTesting/goWebTesting/internal/transactions/repository.go:32.47,36.2 1 1
github.com/juanimeli/backpack-bcgow6-juan-guglielmone/goTesting/goWebTesting/internal/transactions/repository.go:38.126,41.39 2 1
github.com/juanimeli/backpack-bcgow6-juan-guglielmone/goTesting/goWebTesting/internal/transactions/repository.go:44.2,47.39 3 1
github.com/juanimeli/backpack-bcgow6-juan-guglielmone/goTesting/goWebTesting/internal/transactions/repository.go:50.2,50.15 1 1
github.com/juanimeli/backpack-bcgow6-juan-guglielmone/goTesting/goWebTesting/internal/transactions/repository.go:41.39,43.3 1 0
github.com/juanimeli/backpack-bcgow6-juan-guglielmone/goTesting/goWebTesting/internal/transactions/repository.go:47.39,49.3 1 1
github.com/juanimeli/backpack-bcgow6-juan-guglielmone/goTesting/goWebTesting/internal/transactions/repository.go:53.54,55.39 2 1
github.com/juanimeli/backpack-bcgow6-juan-guglielmone/goTesting/goWebTesting/internal/transactions/repository.go:58.2,58.16 1 1
github.com/juanimeli/backpack-bcgow6-juan-guglielmone/goTesting/goWebTesting/internal/transactions/repository.go:55.39,57.3 1 1
github.com/juanimeli/backpack-bcgow6-juan-guglielmone/goTesting/goWebTesting/internal/transactions/repository.go:61.127,66.39 4 1
github.com/juanimeli/backpack-bcgow6-juan-guglielmone/goTesting/goWebTesting/internal/transactions/repository.go:70.2,70.20 1 1
github.com/juanimeli/backpack-bcgow6-juan-guglielmone/goTesting/goWebTesting/internal/transactions/repository.go:77.2,77.14 1 1
github.com/juanimeli/backpack-bcgow6-juan-guglielmone/goTesting/goWebTesting/internal/transactions/repository.go:81.2,81.39 1 1
github.com/juanimeli/backpack-bcgow6-juan-guglielmone/goTesting/goWebTesting/internal/transactions/repository.go:84.2,84.15 1 1
github.com/juanimeli/backpack-bcgow6-juan-guglielmone/goTesting/goWebTesting/internal/transactions/repository.go:66.39,68.3 1 1
github.com/juanimeli/backpack-bcgow6-juan-guglielmone/goTesting/goWebTesting/internal/transactions/repository.go:70.20,71.21 1 1
github.com/juanimeli/backpack-bcgow6-juan-guglielmone/goTesting/goWebTesting/internal/transactions/repository.go:71.21,75.4 3 1
github.com/juanimeli/backpack-bcgow6-juan-guglielmone/goTesting/goWebTesting/internal/transactions/repository.go:77.14,79.3 1 0
github.com/juanimeli/backpack-bcgow6-juan-guglielmone/goTesting/goWebTesting/internal/transactions/repository.go:81.39,83.3 1 1
github.com/juanimeli/backpack-bcgow6-juan-guglielmone/goTesting/goWebTesting/internal/transactions/repository.go:87.43,89.39 2 1
github.com/juanimeli/backpack-bcgow6-juan-guglielmone/goTesting/goWebTesting/internal/transactions/repository.go:93.2,95.20 3 1
github.com/juanimeli/backpack-bcgow6-juan-guglielmone/goTesting/goWebTesting/internal/transactions/repository.go:101.2,101.14 1 1
github.com/juanimeli/backpack-bcgow6-juan-guglielmone/goTesting/goWebTesting/internal/transactions/repository.go:104.2,106.39 2 1
github.com/juanimeli/backpack-bcgow6-juan-guglielmone/goTesting/goWebTesting/internal/transactions/repository.go:109.2,109.12 1 1
github.com/juanimeli/backpack-bcgow6-juan-guglielmone/goTesting/goWebTesting/internal/transactions/repository.go:89.39,91.3 1 1
github.com/juanimeli/backpack-bcgow6-juan-guglielmone/goTesting/goWebTesting/internal/transactions/repository.go:95.20,96.21 1 1
github.com/juanimeli/backpack-bcgow6-juan-guglielmone/goTesting/goWebTesting/internal/transactions/repository.go:96.21,99.4 2 1
github.com/juanimeli/backpack-bcgow6-juan-guglielmone/goTesting/goWebTesting/internal/transactions/repository.go:101.14,103.3 1 0
github.com/juanimeli/backpack-bcgow6-juan-guglielmone/goTesting/goWebTesting/internal/transactions/repository.go:106.39,108.3 1 1
github.com/juanimeli/backpack-bcgow6-juan-guglielmone/goTesting/goWebTesting/internal/transactions/repository.go:112.96,115.39 3 1
github.com/juanimeli/backpack-bcgow6-juan-guglielmone/goTesting/goWebTesting/internal/transactions/repository.go:118.2,119.20 2 1
github.com/juanimeli/backpack-bcgow6-juan-guglielmone/goTesting/goWebTesting/internal/transactions/repository.go:127.2,127.14 1 1
github.com/juanimeli/backpack-bcgow6-juan-guglielmone/goTesting/goWebTesting/internal/transactions/repository.go:131.2,131.39 1 1
github.com/juanimeli/backpack-bcgow6-juan-guglielmone/goTesting/goWebTesting/internal/transactions/repository.go:134.2,134.15 1 1
github.com/juanimeli/backpack-bcgow6-juan-guglielmone/goTesting/goWebTesting/internal/transactions/repository.go:115.39,117.3 1 0
github.com/juanimeli/backpack-bcgow6-juan-guglielmone/goTesting/goWebTesting/internal/transactions/repository.go:119.20,120.21 1 1
github.com/juanimeli/backpack-bcgow6-juan-guglielmone/goTesting/goWebTesting/internal/transactions/repository.go:120.21,125.4 4 1
github.com/juanimeli/backpack-bcgow6-juan-guglielmone/goTesting/goWebTesting/internal/transactions/repository.go:127.14,129.3 1 0
github.com/juanimeli/backpack-bcgow6-juan-guglielmone/goTesting/goWebTesting/internal/transactions/repository.go:131.39,133.3 1 0
github.com/juanimeli/backpack-bcgow6-juan-guglielmone/goTesting/goWebTesting/internal/transactions/repository.go:137.44,139.39 2 1
github.com/juanimeli/backpack-bcgow6-juan-guglielmone/goTesting/goWebTesting/internal/transactions/repository.go:142.2,142.18 1 1
github.com/juanimeli/backpack-bcgow6-juan-guglielmone/goTesting/goWebTesting/internal/transactions/repository.go:145.2,145.30 1 1
github.com/juanimeli/backpack-bcgow6-juan-guglielmone/goTesting/goWebTesting/internal/transactions/repository.go:139.39,141.3 1 1
github.com/juanimeli/backpack-bcgow6-juan-guglielmone/goTesting/goWebTesting/internal/transactions/repository.go:142.18,144.3 1 1
github.com/juanimeli/backpack-bcgow6-juan-guglielmone/goTesting/goWebTesting/internal/transactions/service.go:15.39,19.2 1 1
github.com/juanimeli/backpack-bcgow6-juan-guglielmone/goTesting/goWebTesting/internal/transactions/service.go:21.51,23.16 2 1
github.com/juanimeli/backpack-bcgow6-juan-guglielmone/goTesting/goWebTesting/internal/transactions/service.go:26.2,26.15 1 1
github.com/juanimeli/backpack-bcgow6-juan-guglielmone/goTesting/goWebTesting/internal/transactions/service.go:23.16,25.3 1 1
github.com/juanimeli/backpack-bcgow6-juan-guglielmone/goTesting/goWebTesting/internal/transactions/service.go:29.115,31.16 2 1
github.com/juanimeli/backpack-bcgow6-juan-guglielmone/goTesting/goWebTesting/internal/transactions/service.go:34.2,37.16 3 1
github.com/juanimeli/backpack-bcgow6-juan-guglielmone/goTesting/goWebTesting/internal/transactions/service.go:40.2,40.25 1 1
github.com/juanimeli/backpack-bcgow6-juan-guglielmone/goTesting/goWebTesting/internal/transactions/service.go:31.16,33.3 1 1
github.com/juanimeli/backpack-bcgow6-juan-guglielmone/goTesting/goWebTesting/internal/transactions/service.go:37.16,39.3 1 1
github.com/juanimeli/backpack-bcgow6-juan-guglielmone/goTesting/goWebTesting/internal/transactions/service.go:43.124,45.2 1 1
github.com/juanimeli/backpack-bcgow6-juan-guglielmone/goTesting/goWebTesting/internal/transactions/service.go:47.40,49.2 1 1
github.com/juanimeli/backpack-bcgow6-juan-guglielmone/goTesting/goWebTesting/internal/transactions/service.go:51.93,53.2 1 0
